InfrastructureAsCodeStack: deploying...
[0%] start: Publishing 50e10880d134a01b440991fc77d217f39f01c2d56945215ee9a3b81187c6f3b1:current
[20%] success: Published 50e10880d134a01b440991fc77d217f39f01c2d56945215ee9a3b81187c6f3b1:current
[20%] start: Publishing c691172cdeefa2c91b5a2907f9d81118e47597634943344795f1a844192dd49c:current
[40%] success: Published c691172cdeefa2c91b5a2907f9d81118e47597634943344795f1a844192dd49c:current
[40%] start: Publishing 7787dcec71b7958fece079e438235862fca95fd0fdb5bb3ca9240c2aa9f430a9:current
[60%] success: Published 7787dcec71b7958fece079e438235862fca95fd0fdb5bb3ca9240c2aa9f430a9:current
[60%] start: Publishing 9a9dc803cab4cc389a08d59668a7d1842068f91a7e8ddba6c81676083986c1b6:current
[80%] success: Published 9a9dc803cab4cc389a08d59668a7d1842068f91a7e8ddba6c81676083986c1b6:current
[80%] start: Publishing 3fe2542043f2e469e74898a132ee43f05b25d4efb9d41dd1d561d534a3ab5d9d:current
[100%] success: Published 3fe2542043f2e469e74898a132ee43f05b25d4efb9d41dd1d561d534a3ab5d9d:current
InfrastructureAsCodeStack: creating CloudFormation changeset...
  0/37 | 20:08:38 | REVIEW_IN_PROGRESS   | AWS::CloudFormation::Stack            | InfrastructureAsCodeStack User Initiated
  0/37 | 20:08:44 | CREATE_IN_PROGRESS   | AWS::CloudFormation::Stack            | InfrastructureAsCodeStack User Initiated
 0/37 Currently in progress: InfrastructureAsCodeStack
  1/37 | 20:09:22 | CREATE_IN_PROGRESS   | AWS::EC2::InternetGateway             | HelloEKS/DefaultVpc/IGW (HelloEKSDefaultVpcIGW6A1DD40F) 
  1/37 | 20:09:22 | CREATE_IN_PROGRESS   | AWS::IAM::Role                        | HelloEKS/Role (HelloEKSRole81D11C68) 
  1/37 | 20:09:22 | CREATE_IN_PROGRESS   | AWS::IAM::Role                        | HelloEKS/NodegroupDefaultCapacity/NodeGroupRole (HelloEKSNodegroupDefaultCapacityNodeGroupRoleCB785378)
  1/37 | 20:09:22 | CREATE_IN_PROGRESS   | AWS::IAM::Role                        | HelloEKS/MastersRole (HelloEKSMastersRole53742E60) 
  1/37 | 20:09:22 | CREATE_IN_PROGRESS   | AWS::EC2::EIP                         | HelloEKS/DefaultVpc/PublicSubnet2/EIP (HelloEKSDefaultVpcPublicSubnet2EIP00143475)
  1/37 | 20:09:22 | CREATE_IN_PROGRESS   | AWS::EC2::EIP                         | HelloEKS/DefaultVpc/PublicSubnet1/EIP (HelloEKSDefaultVpcPublicSubnet1EIP349BFCCD)
  1/37 | 20:09:22 | CREATE_IN_PROGRESS   | AWS::EC2::VPC                         | HelloEKS/DefaultVpc (HelloEKSDefaultVpc597961A2) 
  1/37 | 20:09:22 | CREATE_IN_PROGRESS   | AWS::EC2::InternetGateway             | HelloEKS/DefaultVpc/IGW (HelloEKSDefaultVpcIGW6A1DD40F) Resource creation Initiated
  1/37 | 20:09:22 | CREATE_IN_PROGRESS   | AWS::CDK::Metadata                    | @aws-cdk--aws-eks.ClusterResourceProvider/CDKMetadata/Default (CDKMetadata)
  1/37 | 20:09:22 | CREATE_IN_PROGRESS   | AWS::IAM::Role                        | HelloEKS/NodegroupDefaultCapacity/NodeGroupRole (HelloEKSNodegroupDefaultCapacityNodeGroupRoleCB785378) Resource creation Initiated
  1/37 | 20:09:22 | CREATE_IN_PROGRESS   | AWS::IAM::Role                        | HelloEKS/Role (HelloEKSRole81D11C68) Resource creation Initiated
  1/37 | 20:09:22 | CREATE_IN_PROGRESS   | AWS::EC2::EIP                         | HelloEKS/DefaultVpc/PublicSubnet1/EIP (HelloEKSDefaultVpcPublicSubnet1EIP349BFCCD) Resource creation Initiated
  1/37 | 20:09:22 | CREATE_IN_PROGRESS   | AWS::EC2::EIP                         | HelloEKS/DefaultVpc/PublicSubnet2/EIP (HelloEKSDefaultVpcPublicSubnet2EIP00143475) Resource creation Initiated
  1/37 | 20:09:22 | CREATE_IN_PROGRESS   | AWS::EC2::VPC                         | HelloEKS/DefaultVpc (HelloEKSDefaultVpc597961A2) Resource creation Initiated
  1/37 | 20:09:22 | CREATE_IN_PROGRESS   | AWS::IAM::Role                        | HelloEKS/MastersRole (HelloEKSMastersRole53742E60) Resource creation Initiated
  1/37 | 20:09:23 | CREATE_IN_PROGRESS   | AWS::CDK::Metadata                    | @aws-cdk--aws-eks.ClusterResourceProvider/CDKMetadata/Default (CDKMetadata) Resource creation Initiated
  1/37 | 20:09:23 | CREATE_COMPLETE      | AWS::CDK::Metadata                    | @aws-cdk--aws-eks.ClusterResourceProvider/CDKMetadata/Default (CDKMetadata)
  8/37 | 20:09:37 | CREATE_COMPLETE      | AWS::IAM::Role                        | HelloEKS/MastersRole (HelloEKSMastersRole53742E60) 
  8/37 | 20:09:37 | CREATE_COMPLETE      | AWS::IAM::Role                        | HelloEKS/Role (HelloEKSRole81D11C68) 
  8/37 | 20:09:37 | CREATE_COMPLETE      | AWS::IAM::Role                        | HelloEKS/NodegroupDefaultCapacity/NodeGroupRole (HelloEKSNodegroupDefaultCapacityNodeGroupRoleCB785378)
  8/37 | 20:09:38 | CREATE_COMPLETE      | AWS::EC2::InternetGateway             | HelloEKS/DefaultVpc/IGW (HelloEKSDefaultVpcIGW6A1DD40F)
  8/37 | 20:09:38 | CREATE_COMPLETE      | AWS::EC2::EIP                         | HelloEKS/DefaultVpc/PublicSubnet2/EIP (HelloEKSDefaultVpcPublicSubnet2EIP00143475) 
  8/37 | 20:09:38 | CREATE_COMPLETE      | AWS::EC2::EIP                         | HelloEKS/DefaultVpc/PublicSubnet1/EIP (HelloEKSDefaultVpcPublicSubnet1EIP349BFCCD)
  8/37 | 20:09:39 | CREATE_COMPLETE      | AWS::EC2::VPC                         | HelloEKS/DefaultVpc (HelloEKSDefaultVpc597961A2)
 12/37 | 20:09:41 | CREATE_IN_PROGRESS   | AWS::EC2::RouteTable                  | HelloEKS/DefaultVpc/PublicSubnet1/RouteTable (HelloEKSDefaultVpcPublicSubnet1RouteTable7A83115C) 
 12/37 | 20:09:41 | CREATE_IN_PROGRESS   | AWS::EC2::SecurityGroup               | HelloEKS/ControlPlaneSecurityGroup (HelloEKSControlPlaneSecurityGroup1CCECD9D) 
 12/37 | 20:09:41 | CREATE_IN_PROGRESS   | AWS::EC2::RouteTable                  | HelloEKS/DefaultVpc/PrivateSubnet2/RouteTable (HelloEKSDefaultVpcPrivateSubnet2RouteTable5363645A)
 12/37 | 20:09:41 | CREATE_IN_PROGRESS   | AWS::EC2::RouteTable                  | HelloEKS/DefaultVpc/PrivateSubnet1/RouteTable (HelloEKSDefaultVpcPrivateSubnet1RouteTable77A003B6)
 12/37 | 20:09:41 | CREATE_IN_PROGRESS   | AWS::EC2::RouteTable                  | HelloEKS/DefaultVpc/PublicSubnet2/RouteTable (HelloEKSDefaultVpcPublicSubnet2RouteTable4EC8E34B)
 12/37 | 20:09:41 | CREATE_IN_PROGRESS   | AWS::EC2::VPCGatewayAttachment        | HelloEKS/DefaultVpc/VPCGW (HelloEKSDefaultVpcVPCGWA73B3820)
 12/37 | 20:09:41 | CREATE_IN_PROGRESS   | AWS::EC2::RouteTable                  | HelloEKS/DefaultVpc/PublicSubnet1/RouteTable (HelloEKSDefaultVpcPublicSubnet1RouteTable7A83115C) Resource creation Initiated
 12/37 | 20:09:41 | CREATE_IN_PROGRESS   | AWS::EC2::RouteTable                  | HelloEKS/DefaultVpc/PrivateSubnet2/RouteTable (HelloEKSDefaultVpcPrivateSubnet2RouteTable5363645A) Resource creation Initiated
 12/37 | 20:09:41 | CREATE_IN_PROGRESS   | AWS::EC2::RouteTable                  | HelloEKS/DefaultVpc/PrivateSubnet1/RouteTable (HelloEKSDefaultVpcPrivateSubnet1RouteTable77A003B6) Resource creation Initiated
 12/37 | 20:09:41 | CREATE_IN_PROGRESS   | AWS::EC2::Subnet                      | HelloEKS/DefaultVpc/PrivateSubnet2/Subnet (HelloEKSDefaultVpcPrivateSubnet2Subnet86C19273) 
 12/37 | 20:09:41 | CREATE_IN_PROGRESS   | AWS::EC2::Subnet                      | HelloEKS/DefaultVpc/PublicSubnet2/Subnet (HelloEKSDefaultVpcPublicSubnet2Subnet01D6EF2E)
 12/37 | 20:09:41 | CREATE_IN_PROGRESS   | AWS::EC2::Subnet                      | HelloEKS/DefaultVpc/PublicSubnet1/Subnet (HelloEKSDefaultVpcPublicSubnet1Subnet998499B5)
 12/37 | 20:09:41 | CREATE_IN_PROGRESS   | AWS::EC2::VPCGatewayAttachment        | HelloEKS/DefaultVpc/VPCGW (HelloEKSDefaultVpcVPCGWA73B3820) Resource creation Initiated
 12/37 | 20:09:41 | CREATE_IN_PROGRESS   | AWS::EC2::Subnet                      | HelloEKS/DefaultVpc/PrivateSubnet1/Subnet (HelloEKSDefaultVpcPrivateSubnet1Subnet230DD8F4)
 12/37 | 20:09:41 | CREATE_IN_PROGRESS   | AWS::EC2::RouteTable                  | HelloEKS/DefaultVpc/PublicSubnet2/RouteTable (HelloEKSDefaultVpcPublicSubnet2RouteTable4EC8E34B) Resource creation Initiated
 12/37 | 20:09:41 | CREATE_IN_PROGRESS   | AWS::EC2::Subnet                      | HelloEKS/DefaultVpc/PublicSubnet2/Subnet (HelloEKSDefaultVpcPublicSubnet2Subnet01D6EF2E) Resource creation Initiated     
 12/37 | 20:09:41 | CREATE_IN_PROGRESS   | AWS::EC2::Subnet                      | HelloEKS/DefaultVpc/PublicSubnet1/Subnet (HelloEKSDefaultVpcPublicSubnet1Subnet998499B5) Resource creation Initiated     
 12/37 | 20:09:41 | CREATE_IN_PROGRESS   | AWS::EC2::Subnet                      | HelloEKS/DefaultVpc/PrivateSubnet2/Subnet (HelloEKSDefaultVpcPrivateSubnet2Subnet86C19273) Resource creation Initiated   
 12/37 | 20:09:42 | CREATE_IN_PROGRESS   | AWS::EC2::Subnet                      | HelloEKS/DefaultVpc/PrivateSubnet1/Subnet (HelloEKSDefaultVpcPrivateSubnet1Subnet230DD8F4) Resource creation Initiated
 12/37 | 20:09:42 | CREATE_COMPLETE      | AWS::EC2::RouteTable                  | HelloEKS/DefaultVpc/PublicSubnet1/RouteTable (HelloEKSDefaultVpcPublicSubnet1RouteTable7A83115C)
 12/37 | 20:09:42 | CREATE_COMPLETE      | AWS::EC2::RouteTable                  | HelloEKS/DefaultVpc/PrivateSubnet1/RouteTable (HelloEKSDefaultVpcPrivateSubnet1RouteTable77A003B6)
 12/37 | 20:09:42 | CREATE_COMPLETE      | AWS::EC2::RouteTable                  | HelloEKS/DefaultVpc/PublicSubnet2/RouteTable (HelloEKSDefaultVpcPublicSubnet2RouteTable4EC8E34B)
 12/37 | 20:09:42 | CREATE_COMPLETE      | AWS::EC2::RouteTable                  | HelloEKS/DefaultVpc/PrivateSubnet2/RouteTable (HelloEKSDefaultVpcPrivateSubnet2RouteTable5363645A)
 12/37 | 20:09:45 | CREATE_IN_PROGRESS   | AWS::EC2::SecurityGroup               | HelloEKS/ControlPlaneSecurityGroup (HelloEKSControlPlaneSecurityGroup1CCECD9D) Resource creation Initiated
 13/37 | 20:09:46 | CREATE_COMPLETE      | AWS::EC2::SecurityGroup               | HelloEKS/ControlPlaneSecurityGroup (HelloEKSControlPlaneSecurityGroup1CCECD9D) 
 18/37 | 20:09:56 | CREATE_COMPLETE      | AWS::EC2::VPCGatewayAttachment        | HelloEKS/DefaultVpc/VPCGW (HelloEKSDefaultVpcVPCGWA73B3820) 
 18/37 | 20:09:57 | CREATE_COMPLETE      | AWS::EC2::Subnet                      | HelloEKS/DefaultVpc/PublicSubnet2/Subnet (HelloEKSDefaultVpcPublicSubnet2Subnet01D6EF2E) 
 18/37 | 20:09:57 | CREATE_COMPLETE      | AWS::EC2::Subnet                      | HelloEKS/DefaultVpc/PublicSubnet1/Subnet (HelloEKSDefaultVpcPublicSubnet1Subnet998499B5)
 18/37 | 20:09:57 | CREATE_COMPLETE      | AWS::EC2::Subnet                      | HelloEKS/DefaultVpc/PrivateSubnet2/Subnet (HelloEKSDefaultVpcPrivateSubnet2Subnet86C19273) 
 18/37 | 20:09:57 | CREATE_COMPLETE      | AWS::EC2::Subnet                      | HelloEKS/DefaultVpc/PrivateSubnet1/Subnet (HelloEKSDefaultVpcPrivateSubnet1Subnet230DD8F4)
 18/37 | 20:09:58 | CREATE_IN_PROGRESS   | AWS::EC2::Route                       | HelloEKS/DefaultVpc/PublicSubnet1/DefaultRoute (HelloEKSDefaultVpcPublicSubnet1DefaultRoute7AEB8D74)
 18/37 | 20:09:59 | CREATE_IN_PROGRESS   | AWS::EC2::Route                       | HelloEKS/DefaultVpc/PublicSubnet1/DefaultRoute (HelloEKSDefaultVpcPublicSubnet1DefaultRoute7AEB8D74) Resource creation Initiated
 18/37 | 20:09:59 | CREATE_IN_PROGRESS   | AWS::EC2::Route                       | HelloEKS/DefaultVpc/PublicSubnet2/DefaultRoute (HelloEKSDefaultVpcPublicSubnet2DefaultRoute72E77E99)
 18/37 | 20:09:59 | CREATE_IN_PROGRESS   | AWS::EC2::Route                       | HelloEKS/DefaultVpc/PublicSubnet2/DefaultRoute (HelloEKSDefaultVpcPublicSubnet2DefaultRoute72E77E99) Resource creation Initiated
 18/37 | 20:09:59 | CREATE_IN_PROGRESS   | AWS::EC2::SubnetRouteTableAssociation | HelloEKS/DefaultVpc/PublicSubnet1/RouteTableAssociation (HelloEKSDefaultVpcPublicSubnet1RouteTableAssociation7E9E4F0F)   
 18/37 | 20:09:59 | CREATE_IN_PROGRESS   | AWS::EC2::NatGateway                  | HelloEKS/DefaultVpc/PublicSubnet1/NATGateway (HelloEKSDefaultVpcPublicSubnet1NATGateway30841D88)
 18/37 | 20:09:59 | CREATE_IN_PROGRESS   | AWS::EC2::NatGateway                  | HelloEKS/DefaultVpc/PublicSubnet2/NATGateway (HelloEKSDefaultVpcPublicSubnet2NATGatewayAB1CC25C)
 18/37 | 20:09:59 | CREATE_IN_PROGRESS   | AWS::EC2::SubnetRouteTableAssociation | HelloEKS/DefaultVpc/PrivateSubnet2/RouteTableAssociation (HelloEKSDefaultVpcPrivateSubnet2RouteTableAssociationCD201A17) 
 18/37 | 20:10:00 | CREATE_IN_PROGRESS   | AWS::EC2::NatGateway                  | HelloEKS/DefaultVpc/PublicSubnet1/NATGateway (HelloEKSDefaultVpcPublicSubnet1NATGateway30841D88) Resource creation Initiated
 18/37 | 20:10:00 | CREATE_IN_PROGRESS   | AWS::EC2::SubnetRouteTableAssociation | HelloEKS/DefaultVpc/PrivateSubnet1/RouteTableAssociation (HelloEKSDefaultVpcPrivateSubnet1RouteTableAssociation6D01D1D5) 
 18/37 | 20:10:00 | CREATE_IN_PROGRESS   | AWS::EC2::NatGateway                  | HelloEKS/DefaultVpc/PublicSubnet2/NATGateway (HelloEKSDefaultVpcPublicSubnet2NATGatewayAB1CC25C) Resource creation Initiated
 18/37 | 20:10:00 | CREATE_IN_PROGRESS   | AWS::EC2::SubnetRouteTableAssociation | HelloEKS/DefaultVpc/PublicSubnet1/RouteTableAssociation (HelloEKSDefaultVpcPublicSubnet1RouteTableAssociation7E9E4F0F) Resource creation Initiated
 18/37 | 20:10:00 | CREATE_IN_PROGRESS   | AWS::EC2::SubnetRouteTableAssociation | HelloEKS/DefaultVpc/PublicSubnet2/RouteTableAssociation (HelloEKSDefaultVpcPublicSubnet2RouteTableAssociationB37C017E) 
 18/37 | 20:10:00 | CREATE_IN_PROGRESS   | AWS::EC2::SubnetRouteTableAssociation | HelloEKS/DefaultVpc/PrivateSubnet2/RouteTableAssociation (HelloEKSDefaultVpcPrivateSubnet2RouteTableAssociationCD201A17) 
Resource creation Initiated
 18/37 | 20:10:00 | CREATE_IN_PROGRESS   | AWS::EC2::SubnetRouteTableAssociation | HelloEKS/DefaultVpc/PrivateSubnet1/RouteTableAssociation (HelloEKSDefaultVpcPrivateSubnet1RouteTableAssociation6D01D1D5) 
Resource creation Initiated
 18/37 | 20:10:01 | CREATE_IN_PROGRESS   | AWS::EC2::SubnetRouteTableAssociation | HelloEKS/DefaultVpc/PublicSubnet2/RouteTableAssociation (HelloEKSDefaultVpcPublicSubnet2RouteTableAssociationB37C017E) Resource creation Initiated
 24/37 | 20:10:14 | CREATE_COMPLETE      | AWS::EC2::Route                       | HelloEKS/DefaultVpc/PublicSubnet1/DefaultRoute (HelloEKSDefaultVpcPublicSubnet1DefaultRoute7AEB8D74) 
 24/37 | 20:10:14 | CREATE_COMPLETE      | AWS::EC2::Route                       | HelloEKS/DefaultVpc/PublicSubnet2/DefaultRoute (HelloEKSDefaultVpcPublicSubnet2DefaultRoute72E77E99) 
 24/37 | 20:10:15 | CREATE_COMPLETE      | AWS::EC2::SubnetRouteTableAssociation | HelloEKS/DefaultVpc/PublicSubnet1/RouteTableAssociation (HelloEKSDefaultVpcPublicSubnet1RouteTableAssociation7E9E4F0F)   
 24/37 | 20:10:15 | CREATE_COMPLETE      | AWS::EC2::SubnetRouteTableAssociation | HelloEKS/DefaultVpc/PrivateSubnet2/RouteTableAssociation (HelloEKSDefaultVpcPrivateSubnet2RouteTableAssociationCD201A17) 
 24/37 | 20:10:16 | CREATE_COMPLETE      | AWS::EC2::SubnetRouteTableAssociation | HelloEKS/DefaultVpc/PrivateSubnet1/RouteTableAssociation (HelloEKSDefaultVpcPrivateSubnet1RouteTableAssociation6D01D1D5) 
 24/37 | 20:10:16 | CREATE_COMPLETE      | AWS::EC2::SubnetRouteTableAssociation | HelloEKS/DefaultVpc/PublicSubnet2/RouteTableAssociation (HelloEKSDefaultVpcPublicSubnet2RouteTableAssociationB37C017E)   
24/37 Currently in progress: InfrastructureAsCodeStack, HelloEKSDefaultVpcPublicSubnet1NATGateway30841D88, HelloEKSDefaultVpcPublicSubnet2NATGatewayAB1CC25C
 25/37 | 20:12:03 | CREATE_COMPLETE      | AWS::EC2::NatGateway                  | HelloEKS/DefaultVpc/PublicSubnet2/NATGateway (HelloEKSDefaultVpcPublicSubnet2NATGatewayAB1CC25C) 
 25/37 | 20:12:05 | CREATE_IN_PROGRESS   | AWS::EC2::Route                       | HelloEKS/DefaultVpc/PrivateSubnet2/DefaultRoute (HelloEKSDefaultVpcPrivateSubnet2DefaultRoute1048BD98) 
 25/37 | 20:12:06 | CREATE_IN_PROGRESS   | AWS::EC2::Route                       | HelloEKS/DefaultVpc/PrivateSubnet2/DefaultRoute (HelloEKSDefaultVpcPrivateSubnet2DefaultRoute1048BD98) Resource creation 
Initiated
 27/37 | 20:12:18 | CREATE_COMPLETE      | AWS::EC2::NatGateway                  | HelloEKS/DefaultVpc/PublicSubnet1/NATGateway (HelloEKSDefaultVpcPublicSubnet1NATGateway30841D88) 
 27/37 | 20:12:20 | CREATE_IN_PROGRESS   | AWS::EC2::Route                       | HelloEKS/DefaultVpc/PrivateSubnet1/DefaultRoute (HelloEKSDefaultVpcPrivateSubnet1DefaultRoute7B783EED) 
 27/37 | 20:12:20 | CREATE_IN_PROGRESS   | AWS::EC2::Route                       | HelloEKS/DefaultVpc/PrivateSubnet1/DefaultRoute (HelloEKSDefaultVpcPrivateSubnet1DefaultRoute7B783EED) Resource creation 
Initiated
 27/37 | 20:12:21 | CREATE_COMPLETE      | AWS::EC2::Route                       | HelloEKS/DefaultVpc/PrivateSubnet2/DefaultRoute (HelloEKSDefaultVpcPrivateSubnet2DefaultRoute1048BD98) 
 28/37 | 20:12:36 | CREATE_COMPLETE      | AWS::EC2::Route                       | HelloEKS/DefaultVpc/PrivateSubnet1/DefaultRoute (HelloEKSDefaultVpcPrivateSubnet1DefaultRoute7B783EED) 
 28/37 | 20:12:38 | CREATE_IN_PROGRESS   | AWS::IAM::Role                        | HelloEKS/Resource/CreationRole (HelloEKSCreationRole089CC848) 
 28/37 | 20:12:38 | CREATE_IN_PROGRESS   | AWS::IAM::Role                        | HelloEKS/Resource/CreationRole (HelloEKSCreationRole089CC848) Resource creation Initiated
 29/37 | 20:12:54 | CREATE_COMPLETE      | AWS::IAM::Role                        | HelloEKS/Resource/CreationRole (HelloEKSCreationRole089CC848) 
 29/37 | 20:12:57 | CREATE_IN_PROGRESS   | AWS::IAM::Policy                      | HelloEKS/Resource/CreationRole/DefaultPolicy (HelloEKSCreationRoleDefaultPolicyF3AF0526) 
 29/37 | 20:12:57 | CREATE_IN_PROGRESS   | AWS::CloudFormation::Stack            | @aws-cdk--aws-eks.ClusterResourceProvider.NestedStack/@aws-cdk--aws-eks.ClusterResourceProvider.NestedStackResource (awscdkawseksClusterResourceProviderNestedStackawscdkawseksClusterResourceProviderNestedStackResource9827C454)
 29/37 | 20:12:58 | CREATE_IN_PROGRESS   | AWS::CloudFormation::Stack            | @aws-cdk--aws-eks.ClusterResourceProvider.NestedStack/@aws-cdk--aws-eks.ClusterResourceProvider.NestedStackResource (awscdkawseksClusterResourceProviderNestedStackawscdkawseksClusterResourceProviderNestedStackResource9827C454) Resource creation Initiated
 29/37 | 20:12:58 | CREATE_IN_PROGRESS   | AWS::IAM::Policy                      | HelloEKS/Resource/CreationRole/DefaultPolicy (HelloEKSCreationRoleDefaultPolicyF3AF0526) Resource creation Initiated     
 30/37 | 20:13:14 | CREATE_COMPLETE      | AWS::IAM::Policy                      | HelloEKS/Resource/CreationRole/DefaultPolicy (HelloEKSCreationRoleDefaultPolicyF3AF0526) 
30/37 Currently in progress: InfrastructureAsCodeStack, awscdkawseksClusterResourceProviderNestedStackawscdkawseksClusterResourceProviderNestedStackResource9827C454
 31/37 | 20:15:12 | CREATE_COMPLETE      | AWS::CloudFormation::Stack            | @aws-cdk--aws-eks.ClusterResourceProvider.NestedStack/@aws-cdk--aws-eks.ClusterResourceProvider.NestedStackResource (awscdkawseksClusterResourceProviderNestedStackawscdkawseksClusterResourceProviderNestedStackResource9827C454)
 31/37 | 20:15:15 | CREATE_IN_PROGRESS   | Custom::AWSCDK-EKS-Cluster            | HelloEKS/Resource/Resource/Default (HelloEKS39C624A1) 
 31/37 | 20:15:23 | CREATE_IN_PROGRESS   | Custom::AWSCDK-EKS-Cluster            | HelloEKS/Resource/Resource/Default (HelloEKS39C624A1) Resource creation Initiated
 31/37 | 20:15:24 | CREATE_FAILED        | Custom::AWSCDK-EKS-Cluster            | HelloEKS/Resource/Resource/Default (HelloEKS39C624A1) Failed to create resource. IAM role's policy must include the `ec2:DescribeVpcs` action

Logs: /aws/lambda/InfrastructureAsCodeStack-a-OnEventHandler42BEBAE0-10SPF4XRLNAN2

    at Object.extractError (/var/runtime/node_modules/aws-sdk/lib/protocol/json.js:51:27)
    at Request.extractError (/var/runtime/node_modules/aws-sdk/lib/protocol/rest_json.js:55:8)
    at Request.callListeners (/var/runtime/node_modules/aws-sdk/lib/sequential_executor.js:106:20)
    at Request.emit (/var/runtime/node_modules/aws-sdk/lib/sequential_executor.js:78:10)
    at Request.emit (/var/runtime/node_modules/aws-sdk/lib/request.js:688:14)
    at Request.transition (/var/runtime/node_modules/aws-sdk/lib/request.js:22:10)
    at AcceptorStateMachine.runTo (/var/runtime/node_modules/aws-sdk/lib/state_machine.js:14:12)
    at /var/runtime/node_modules/aws-sdk/lib/state_machine.js:26:10
    at Request.<anonymous> (/var/runtime/node_modules/aws-sdk/lib/request.js:38:9)
    at Request.<anonymous> (/var/runtime/node_modules/aws-sdk/lib/req
        new CustomResource (C:\src\spektor\infrastructure-as-code\node_modules\@aws-cdk\core\lib\custom-resource.ts:115:21)
        \_ new ClusterResource (C:\src\spektor\infrastructure-as-code\node_modules\@aws-cdk\aws-eks\lib\cluster-resource.ts:62:22)
        \_ new Cluster (C:\src\spektor\infrastructure-as-code\node_modules\@aws-cdk\aws-eks\lib\cluster.ts:906:46)
        \_ new ClusterStack (C:\src\spektor\infrastructure-as-code\lib\cluster-stack.ts:10:21)
        \_ Object.<anonymous> (C:\src\spektor\infrastructure-as-code\bin\infrastructure-as-code.ts:7:1)
        \_ Module._compile (internal/modules/cjs/loader.js:1158:30)
        \_ Module.m._compile (C:\src\spektor\infrastructure-as-code\node_modules\ts-node\src\index.ts:858:23)
        \_ Module._extensions..js (internal/modules/cjs/loader.js:1178:10)
        \_ Object.require.extensions.<computed> [as .ts] (C:\src\spektor\infrastructure-as-code\node_modules\ts-node\src\index.ts:861:12)
        \_ Module.load (internal/modules/cjs/loader.js:1002:32)
        \_ Function.Module._load (internal/modules/cjs/loader.js:901:14)
        \_ Function.executeUserEntryPoint [as runMain] (internal/modules/run_main.js:74:12)
        \_ main (C:\src\spektor\infrastructure-as-code\node_modules\ts-node\src\bin.ts:227:14)
        \_ Object.<anonymous> (C:\src\spektor\infrastructure-as-code\node_modules\ts-node\src\bin.ts:513:3)
        \_ Module._compile (internal/modules/cjs/loader.js:1158:30)
        \_ Object.Module._extensions..js (internal/modules/cjs/loader.js:1178:10)
        \_ Module.load (internal/modules/cjs/loader.js:1002:32)
        \_ Function.Module._load (internal/modules/cjs/loader.js:901:14)
        \_ Function.executeUserEntryPoint [as runMain] (internal/modules/run_main.js:74:12)
        \_ internal/main/run_main_module.js:18:47
 31/37 | 20:15:24 | ROLLBACK_IN_PROGRESS | AWS::CloudFormation::Stack            | InfrastructureAsCodeStack The following resource(s) failed to create: [HelloEKS39C624A1]. . Rollback requested by user.
 29/37 | 20:15:39 | DELETE_IN_PROGRESS   | AWS::IAM::Role                        | HelloEKS/NodegroupDefaultCapacity/NodeGroupRole (HelloEKSNodegroupDefaultCapacityNodeGroupRoleCB785378) 
 29/37 | 20:15:39 | DELETE_IN_PROGRESS   | AWS::CDK::Metadata                    | @aws-cdk--aws-eks.ClusterResourceProvider/CDKMetadata/Default (CDKMetadata) 
 29/37 | 20:15:39 | DELETE_IN_PROGRESS   | AWS::IAM::Role                        | HelloEKS/MastersRole (HelloEKSMastersRole53742E60)
 29/37 | 20:15:39 | DELETE_IN_PROGRESS   | Custom::AWSCDK-EKS-Cluster            | HelloEKS/Resource/Resource/Default (HelloEKS39C624A1)
 29/37 | 20:15:39 | DELETE_COMPLETE      | AWS::CDK::Metadata                    | @aws-cdk--aws-eks.ClusterResourceProvider/CDKMetadata/Default (CDKMetadata)
 29/37 | 20:15:40 | DELETE_COMPLETE      | AWS::IAM::Role                        | HelloEKS/MastersRole (HelloEKSMastersRole53742E60)
 29/37 | 20:15:40 | DELETE_COMPLETE      | AWS::IAM::Role                        | HelloEKS/NodegroupDefaultCapacity/NodeGroupRole (HelloEKSNodegroupDefaultCapacityNodeGroupRoleCB785378)
 29/37 | 20:15:41 | DELETE_COMPLETE      | Custom::AWSCDK-EKS-Cluster            | HelloEKS/Resource/Resource/Default (HelloEKS39C624A1)
 29/37 | 20:15:41 | DELETE_IN_PROGRESS   | AWS::EC2::SecurityGroup               | HelloEKS/ControlPlaneSecurityGroup (HelloEKSControlPlaneSecurityGroup1CCECD9D)
 29/37 | 20:15:41 | DELETE_IN_PROGRESS   | AWS::CloudFormation::Stack            | @aws-cdk--aws-eks.ClusterResourceProvider.NestedStack/@aws-cdk--aws-eks.ClusterResourceProvider.NestedStackResource (awscdkawseksClusterResourceProviderNestedStackawscdkawseksClusterResourceProviderNestedStackResource9827C454)
 29/37 | 20:15:41 | DELETE_IN_PROGRESS   | AWS::IAM::Policy                      | HelloEKS/Resource/CreationRole/DefaultPolicy (HelloEKSCreationRoleDefaultPolicyF3AF0526)
 26/37 | 20:15:42 | DELETE_COMPLETE      | AWS::EC2::SecurityGroup               | HelloEKS/ControlPlaneSecurityGroup (HelloEKSControlPlaneSecurityGroup1CCECD9D) 
 26/37 | 20:15:42 | DELETE_COMPLETE      | AWS::IAM::Policy                      | HelloEKS/Resource/CreationRole/DefaultPolicy (HelloEKSCreationRoleDefaultPolicyF3AF0526) 
 26/37 | 20:15:43 | DELETE_IN_PROGRESS   | AWS::IAM::Role                        | HelloEKS/Role (HelloEKSRole81D11C68)
 26/37 | 20:15:44 | DELETE_COMPLETE      | AWS::IAM::Role                        | HelloEKS/Role (HelloEKSRole81D11C68)
 24/37 | 20:16:03 | DELETE_COMPLETE      | AWS::CloudFormation::Stack            | @aws-cdk--aws-eks.ClusterResourceProvider.NestedStack/@aws-cdk--aws-eks.ClusterResourceProvider.NestedStackResource (awscdkawseksClusterResourceProviderNestedStackawscdkawseksClusterResourceProviderNestedStackResource9827C454)
 24/37 | 20:16:04 | DELETE_IN_PROGRESS   | AWS::IAM::Role                        | HelloEKS/Resource/CreationRole (HelloEKSCreationRole089CC848) 
 24/37 | 20:16:05 | DELETE_COMPLETE      | AWS::IAM::Role                        | HelloEKS/Resource/CreationRole (HelloEKSCreationRole089CC848)
 24/37 | 20:16:06 | DELETE_IN_PROGRESS   | AWS::EC2::Route                       | HelloEKS/DefaultVpc/PublicSubnet2/DefaultRoute (HelloEKSDefaultVpcPublicSubnet2DefaultRoute72E77E99)
 24/37 | 20:16:06 | DELETE_IN_PROGRESS   | AWS::EC2::SubnetRouteTableAssociation | HelloEKS/DefaultVpc/PrivateSubnet1/RouteTableAssociation (HelloEKSDefaultVpcPrivateSubnet1RouteTableAssociation6D01D1D5) 
 24/37 | 20:16:06 | DELETE_IN_PROGRESS   | AWS::EC2::Route                       | HelloEKS/DefaultVpc/PrivateSubnet1/DefaultRoute (HelloEKSDefaultVpcPrivateSubnet1DefaultRoute7B783EED)
 24/37 | 20:16:06 | DELETE_IN_PROGRESS   | AWS::EC2::SubnetRouteTableAssociation | HelloEKS/DefaultVpc/PrivateSubnet2/RouteTableAssociation (HelloEKSDefaultVpcPrivateSubnet2RouteTableAssociationCD201A17) 
 24/37 | 20:16:06 | DELETE_IN_PROGRESS   | AWS::EC2::Route                       | HelloEKS/DefaultVpc/PublicSubnet1/DefaultRoute (HelloEKSDefaultVpcPublicSubnet1DefaultRoute7AEB8D74)
 24/37 | 20:16:06 | DELETE_IN_PROGRESS   | AWS::EC2::Route                       | HelloEKS/DefaultVpc/PrivateSubnet2/DefaultRoute (HelloEKSDefaultVpcPrivateSubnet2DefaultRoute1048BD98)
 24/37 | 20:16:06 | DELETE_IN_PROGRESS   | AWS::EC2::SubnetRouteTableAssociation | HelloEKS/DefaultVpc/PublicSubnet2/RouteTableAssociation (HelloEKSDefaultVpcPublicSubnet2RouteTableAssociationB37C017E)   
 24/37 | 20:16:06 | DELETE_IN_PROGRESS   | AWS::EC2::SubnetRouteTableAssociation | HelloEKS/DefaultVpc/PublicSubnet1/RouteTableAssociation (HelloEKSDefaultVpcPublicSubnet1RouteTableAssociation7E9E4F0F)   
 12/37 | 20:16:21 | DELETE_COMPLETE      | AWS::EC2::Route                       | HelloEKS/DefaultVpc/PublicSubnet2/DefaultRoute (HelloEKSDefaultVpcPublicSubnet2DefaultRoute72E77E99) 
 12/37 | 20:16:21 | DELETE_COMPLETE      | AWS::EC2::Route                       | HelloEKS/DefaultVpc/PublicSubnet1/DefaultRoute (HelloEKSDefaultVpcPublicSubnet1DefaultRoute7AEB8D74) 
 12/37 | 20:16:21 | DELETE_COMPLETE      | AWS::EC2::Route                       | HelloEKS/DefaultVpc/PrivateSubnet2/DefaultRoute (HelloEKSDefaultVpcPrivateSubnet2DefaultRoute1048BD98)
 12/37 | 20:16:21 | DELETE_COMPLETE      | AWS::EC2::SubnetRouteTableAssociation | HelloEKS/DefaultVpc/PrivateSubnet1/RouteTableAssociation (HelloEKSDefaultVpcPrivateSubnet1RouteTableAssociation6D01D1D5) 
 12/37 | 20:16:21 | DELETE_COMPLETE      | AWS::EC2::Route                       | HelloEKS/DefaultVpc/PrivateSubnet1/DefaultRoute (HelloEKSDefaultVpcPrivateSubnet1DefaultRoute7B783EED)
 12/37 | 20:16:21 | DELETE_COMPLETE      | AWS::EC2::SubnetRouteTableAssociation | HelloEKS/DefaultVpc/PrivateSubnet2/RouteTableAssociation (HelloEKSDefaultVpcPrivateSubnet2RouteTableAssociationCD201A17) 
 12/37 | 20:16:21 | DELETE_COMPLETE      | AWS::EC2::SubnetRouteTableAssociation | HelloEKS/DefaultVpc/PublicSubnet2/RouteTableAssociation (HelloEKSDefaultVpcPublicSubnet2RouteTableAssociationB37C017E)   
 12/37 | 20:16:21 | DELETE_COMPLETE      | AWS::EC2::SubnetRouteTableAssociation | HelloEKS/DefaultVpc/PublicSubnet1/RouteTableAssociation (HelloEKSDefaultVpcPublicSubnet1RouteTableAssociation7E9E4F0F)   
 12/37 | 20:16:22 | DELETE_IN_PROGRESS   | AWS::EC2::NatGateway                  | HelloEKS/DefaultVpc/PublicSubnet2/NATGateway (HelloEKSDefaultVpcPublicSubnet2NATGatewayAB1CC25C)
 12/37 | 20:16:22 | DELETE_IN_PROGRESS   | AWS::EC2::VPCGatewayAttachment        | HelloEKS/DefaultVpc/VPCGW (HelloEKSDefaultVpcVPCGWA73B3820)
 12/37 | 20:16:22 | DELETE_IN_PROGRESS   | AWS::EC2::RouteTable                  | HelloEKS/DefaultVpc/PrivateSubnet2/RouteTable (HelloEKSDefaultVpcPrivateSubnet2RouteTable5363645A)
 12/37 | 20:16:22 | DELETE_IN_PROGRESS   | AWS::EC2::RouteTable                  | HelloEKS/DefaultVpc/PublicSubnet2/RouteTable (HelloEKSDefaultVpcPublicSubnet2RouteTable4EC8E34B) 
 12/37 | 20:16:22 | DELETE_IN_PROGRESS   | AWS::EC2::Subnet                      | HelloEKS/DefaultVpc/PrivateSubnet2/Subnet (HelloEKSDefaultVpcPrivateSubnet2Subnet86C19273)
 12/37 | 20:16:22 | DELETE_IN_PROGRESS   | AWS::EC2::NatGateway                  | HelloEKS/DefaultVpc/PublicSubnet1/NATGateway (HelloEKSDefaultVpcPublicSubnet1NATGateway30841D88)
 12/37 | 20:16:22 | DELETE_IN_PROGRESS   | AWS::EC2::Subnet                      | HelloEKS/DefaultVpc/PrivateSubnet1/Subnet (HelloEKSDefaultVpcPrivateSubnet1Subnet230DD8F4)
 12/37 | 20:16:22 | DELETE_IN_PROGRESS   | AWS::EC2::RouteTable                  | HelloEKS/DefaultVpc/PrivateSubnet1/RouteTable (HelloEKSDefaultVpcPrivateSubnet1RouteTable77A003B6)
 12/37 | 20:16:22 | DELETE_IN_PROGRESS   | AWS::EC2::RouteTable                  | HelloEKS/DefaultVpc/PublicSubnet1/RouteTable (HelloEKSDefaultVpcPublicSubnet1RouteTable7A83115C)
 12/37 | 20:16:22 | DELETE_COMPLETE      | AWS::EC2::RouteTable                  | HelloEKS/DefaultVpc/PublicSubnet2/RouteTable (HelloEKSDefaultVpcPublicSubnet2RouteTable4EC8E34B)
 12/37 | 20:16:22 | DELETE_COMPLETE      | AWS::EC2::RouteTable                  | HelloEKS/DefaultVpc/PrivateSubnet2/RouteTable (HelloEKSDefaultVpcPrivateSubnet2RouteTable5363645A)
 12/37 | 20:16:23 | DELETE_COMPLETE      | AWS::EC2::RouteTable                  | HelloEKS/DefaultVpc/PublicSubnet1/RouteTable (HelloEKSDefaultVpcPublicSubnet1RouteTable7A83115C)
 12/37 | 20:16:23 | DELETE_COMPLETE      | AWS::EC2::RouteTable                  | HelloEKS/DefaultVpc/PrivateSubnet1/RouteTable (HelloEKSDefaultVpcPrivateSubnet1RouteTable77A003B6)
 10/37 | 20:16:38 | DELETE_COMPLETE      | AWS::EC2::Subnet                      | HelloEKS/DefaultVpc/PrivateSubnet2/Subnet (HelloEKSDefaultVpcPrivateSubnet2Subnet86C19273) 
 10/37 | 20:16:38 | DELETE_COMPLETE      | AWS::EC2::Subnet                      | HelloEKS/DefaultVpc/PrivateSubnet1/Subnet (HelloEKSDefaultVpcPrivateSubnet1Subnet230DD8F4) 
10/37 Currently in progress: InfrastructureAsCodeStack, HelloEKSDefaultVpcPublicSubnet2NATGatewayAB1CC25C, HelloEKSDefaultVpcVPCGWA73B3820, HelloEKSDefaultVpcPublicSubnet1NATGateway30841D88
  6/37 | 20:17:23 | DELETE_COMPLETE      | AWS::EC2::NatGateway                  | HelloEKS/DefaultVpc/PublicSubnet2/NATGateway (HelloEKSDefaultVpcPublicSubnet2NATGatewayAB1CC25C) 
  6/37 | 20:17:23 | DELETE_COMPLETE      | AWS::EC2::NatGateway                  | HelloEKS/DefaultVpc/PublicSubnet1/NATGateway (HelloEKSDefaultVpcPublicSubnet1NATGateway30841D88) 
  6/37 | 20:17:23 | DELETE_IN_PROGRESS   | AWS::EC2::EIP                         | HelloEKS/DefaultVpc/PublicSubnet2/EIP (HelloEKSDefaultVpcPublicSubnet2EIP00143475)
  6/37 | 20:17:23 | DELETE_IN_PROGRESS   | AWS::EC2::Subnet                      | HelloEKS/DefaultVpc/PublicSubnet2/Subnet (HelloEKSDefaultVpcPublicSubnet2Subnet01D6EF2E)
  6/37 | 20:17:24 | DELETE_IN_PROGRESS   | AWS::EC2::EIP                         | HelloEKS/DefaultVpc/PublicSubnet1/EIP (HelloEKSDefaultVpcPublicSubnet1EIP349BFCCD)
  6/37 | 20:17:24 | DELETE_IN_PROGRESS   | AWS::EC2::Subnet                      | HelloEKS/DefaultVpc/PublicSubnet1/Subnet (HelloEKSDefaultVpcPublicSubnet1Subnet998499B5) 
  6/37 | 20:17:24 | DELETE_COMPLETE      | AWS::EC2::EIP                         | HelloEKS/DefaultVpc/PublicSubnet2/EIP (HelloEKSDefaultVpcPublicSubnet2EIP00143475)
  6/37 | 20:17:25 | DELETE_COMPLETE      | AWS::EC2::EIP                         | HelloEKS/DefaultVpc/PublicSubnet1/EIP (HelloEKSDefaultVpcPublicSubnet1EIP349BFCCD)
  4/37 | 20:17:39 | DELETE_COMPLETE      | AWS::EC2::Subnet                      | HelloEKS/DefaultVpc/PublicSubnet2/Subnet (HelloEKSDefaultVpcPublicSubnet2Subnet01D6EF2E) 
  4/37 | 20:17:40 | DELETE_COMPLETE      | AWS::EC2::Subnet                      | HelloEKS/DefaultVpc/PublicSubnet1/Subnet (HelloEKSDefaultVpcPublicSubnet1Subnet998499B5) 
  3/37 | 20:17:57 | DELETE_COMPLETE      | AWS::EC2::VPCGatewayAttachment        | HelloEKS/DefaultVpc/VPCGW (HelloEKSDefaultVpcVPCGWA73B3820) 
  3/37 | 20:17:58 | DELETE_IN_PROGRESS   | AWS::EC2::VPC                         | HelloEKS/DefaultVpc (HelloEKSDefaultVpc597961A2) 
  3/37 | 20:17:58 | DELETE_IN_PROGRESS   | AWS::EC2::InternetGateway             | HelloEKS/DefaultVpc/IGW (HelloEKSDefaultVpcIGW6A1DD40F)
  2/37 | 20:18:13 | DELETE_COMPLETE      | AWS::EC2::InternetGateway             | HelloEKS/DefaultVpc/IGW (HelloEKSDefaultVpcIGW6A1DD40F) 
  2/37 | 20:18:13 | DELETE_COMPLETE      | AWS::EC2::VPC                         | HelloEKS/DefaultVpc (HelloEKSDefaultVpc597961A2) 
  2/37 | 20:18:14 | ROLLBACK_COMPLETE    | AWS::CloudFormation::Stack            | InfrastructureAsCodeStack

 ❌  InfrastructureAsCodeStack failed: Error: The stack named InfrastructureAsCodeStack failed creation, it may need to be manually deleted from the AWS console: ROLLBACK_COMPLETE
    at Object.waitForStackDeploy (C:\Users\mario\AppData\Roaming\npm\node_modules\aws-cdk\lib\api\util\cloudformation.ts:305:11)
    at processTicksAndRejections (internal/process/task_queues.js:97:5)
    at Object.deployStack (C:\Users\mario\AppData\Roaming\npm\node_modules\aws-cdk\lib\api\deploy-stack.ts:283:26)
    at CdkToolkit.deploy (C:\Users\mario\AppData\Roaming\npm\node_modules\aws-cdk\lib\cdk-toolkit.ts:180:24)
    at initCommandLine (C:\Users\mario\AppData\Roaming\npm\node_modules\aws-cdk\bin\cdk.ts:197:9)